<?xml version="1.0" encoding="UTF-8"?>
<!-- Generated by org.testng.reporters.JUnitReportReporter -->
<testsuite hostname="DESKTOP-MM4I4GD" failures="0" tests="2" name="com.mycompany.testmavin.Task" time="0.020" errors="0" timestamp="25 Dec 2022 12:09:47 GMT">
  <testcase classname="com.mycompany.testmavin.Task" name="testIsEven" time="0.019"/>
  <testcase classname="com.mycompany.testmavin.Task" name="testIsEven2" time="0.001"/>
</testsuite> <!-- com.mycompany.testmavin.Task -->
