<?xml version="1.0" encoding="UTF-8"?>
<!-- Generated by org.testng.reporters.JUnitReportReporter -->
<testsuite hostname="LAPTOP-SPU04J46" name="com.mycompany.testmavin.TestMavinIT" tests="1" failures="0" timestamp="11 Dec 2022 09:13:05 GMT" time="8.827" errors="0">
  <testcase name="testSimple" time="8.827" classname="com.mycompany.testmavin.TestMavinIT"/>
</testsuite> <!-- com.mycompany.testmavin.TestMavinIT -->
