<?xml version="1.0" encoding="UTF-8"?>
<!-- Generated by org.testng.reporters.JUnitReportReporter -->
<testsuite hostname="LAPTOP-SPU04J46" name="com.mycompany.testmavin.TestMavinNGTest" tests="2" failures="0" timestamp="11 Dec 2022 09:03:31 GMT" time="0.006" errors="0">
  <testcase name="testIsEven2" time="0.000" classname="com.mycompany.testmavin.TestMavinNGTest"/>
  <testcase name="testIsEven" time="0.006" classname="com.mycompany.testmavin.TestMavinNGTest"/>
</testsuite> <!-- com.mycompany.testmavin.TestMavinNGTest -->
