<?xml version="1.0" encoding="UTF-8"?>
<testsuite xmlns:xsi="http://www.w3.org/2001/XMLSchema-instance" xsi:noNamespaceSchemaLocation="https://maven.apache.org/surefire/maven-failsafe-plugin/xsd/failsafe-test-report-3.0.xsd" version="3.0" name="com.mycompany.testmavin.TestMavinIT" time="9.589" tests="1" errors="0" skipped="0" failures="0">
  <properties>
    <property name="sun.desktop" value="windows"/>
    <property name="awt.toolkit" value="sun.awt.windows.WToolkit"/>
    <property name="file.encoding.pkg" value="sun.io"/>
    <property name="java.specification.version" value="1.8"/>
    <property name="webdriver.chrome.driver" value="C:\Users\Ahmed Elrefaiy\.cache\selenium\chromedriver\win32\108.0.5359.71\chromedriver.exe"/>
    <property name="sun.cpu.isalist" value="amd64"/>
    <property name="sun.jnu.encoding" value="Cp1252"/>
    <property name="java.class.path" value="D:\Study\FCI\4th\testing\Projects\section4\TestMavin\target\test-classes;D:\Study\FCI\4th\testing\Projects\section4\TestMavin\target\TestMavin-1.0-SNAPSHOT.jar;C:\Users\Ahmed Elrefaiy\.m2\repository\org\testng\testng\6.8.1\testng-6.8.1.jar;C:\Users\Ahmed Elrefaiy\.m2\repository\org\beanshell\bsh\2.0b4\bsh-2.0b4.jar;C:\Users\Ahmed Elrefaiy\.m2\repository\com\beust\jcommander\1.27\jcommander-1.27.jar;C:\Users\Ahmed Elrefaiy\.m2\repository\org\yaml\snakeyaml\1.6\snakeyaml-1.6.jar;C:\Users\Ahmed Elrefaiy\.m2\repository\org\seleniumhq\selenium\selenium-java\2.44.0\selenium-java-2.44.0.jar;C:\Users\Ahmed Elrefaiy\.m2\repository\org\seleniumhq\selenium\selenium-chrome-driver\2.44.0\selenium-chrome-driver-2.44.0.jar;C:\Users\Ahmed Elrefaiy\.m2\repository\org\seleniumhq\selenium\selenium-remote-driver\2.44.0\selenium-remote-driver-2.44.0.jar;C:\Users\Ahmed Elrefaiy\.m2\repository\cglib\cglib-nodep\2.1_3\cglib-nodep-2.1_3.jar;C:\Users\Ahmed Elrefaiy\.m2\repository\org\seleniumhq\selenium\selenium-api\2.44.0\selenium-api-2.44.0.jar;C:\Users\Ahmed Elrefaiy\.m2\repository\org\seleniumhq\selenium\selenium-htmlunit-driver\2.44.0\selenium-htmlunit-driver-2.44.0.jar;C:\Users\Ahmed Elrefaiy\.m2\repository\net\sourceforge\htmlunit\htmlunit\2.15\htmlunit-2.15.jar;C:\Users\Ahmed Elrefaiy\.m2\repository\xalan\xalan\2.7.1\xalan-2.7.1.jar;C:\Users\Ahmed Elrefaiy\.m2\repository\xalan\serializer\2.7.1\serializer-2.7.1.jar;C:\Users\Ahmed Elrefaiy\.m2\repository\commons-collections\commons-collections\3.2.1\commons-collections-3.2.1.jar;C:\Users\Ahmed Elrefaiy\.m2\repository\org\apache\httpcomponents\httpmime\4.3.3\httpmime-4.3.3.jar;C:\Users\Ahmed Elrefaiy\.m2\repository\net\sourceforge\htmlunit\htmlunit-core-js\2.15\htmlunit-core-js-2.15.jar;C:\Users\Ahmed Elrefaiy\.m2\repository\xerces\xercesImpl\2.11.0\xercesImpl-2.11.0.jar;C:\Users\Ahmed Elrefaiy\.m2\repository\xml-apis\xml-apis\1.4.01\xml-apis-1.4.01.jar;C:\Users\Ahmed Elrefaiy\.m2\repository\net\sourceforge\nekohtml\nekohtml\1.9.21\nekohtml-1.9.21.jar;C:\Users\Ahmed Elrefaiy\.m2\repository\net\sourceforge\cssparser\cssparser\0.9.14\cssparser-0.9.14.jar;C:\Users\Ahmed Elrefaiy\.m2\repository\org\w3c\css\sac\1.3\sac-1.3.jar;C:\Users\Ahmed Elrefaiy\.m2\repository\commons-logging\commons-logging\1.1.3\commons-logging-1.1.3.jar;C:\Users\Ahmed Elrefaiy\.m2\repository\org\eclipse\jetty\jetty-websocket\8.1.15.v20140411\jetty-websocket-8.1.15.v20140411.jar;C:\Users\Ahmed Elrefaiy\.m2\repository\org\eclipse\jetty\jetty-util\8.1.15.v20140411\jetty-util-8.1.15.v20140411.jar;C:\Users\Ahmed Elrefaiy\.m2\repository\org\eclipse\jetty\jetty-io\8.1.15.v20140411\jetty-io-8.1.15.v20140411.jar;C:\Users\Ahmed Elrefaiy\.m2\repository\org\eclipse\jetty\jetty-http\8.1.15.v20140411\jetty-http-8.1.15.v20140411.jar;C:\Users\Ahmed Elrefaiy\.m2\repository\org\apache\httpcomponents\httpclient\4.3.4\httpclient-4.3.4.jar;C:\Users\Ahmed Elrefaiy\.m2\repository\org\apache\httpcomponents\httpcore\4.3.2\httpcore-4.3.2.jar;C:\Users\Ahmed Elrefaiy\.m2\repository\org\seleniumhq\selenium\selenium-firefox-driver\2.44.0\selenium-firefox-driver-2.44.0.jar;C:\Users\Ahmed Elrefaiy\.m2\repository\commons-io\commons-io\2.4\commons-io-2.4.jar;C:\Users\Ahmed Elrefaiy\.m2\repository\org\seleniumhq\selenium\selenium-ie-driver\2.44.0\selenium-ie-driver-2.44.0.jar;C:\Users\Ahmed Elrefaiy\.m2\repository\net\java\dev\jna\jna\3.4.0\jna-3.4.0.jar;C:\Users\Ahmed Elrefaiy\.m2\repository\net\java\dev\jna\platform\3.4.0\platform-3.4.0.jar;C:\Users\Ahmed Elrefaiy\.m2\repository\org\seleniumhq\selenium\selenium-safari-driver\2.44.0\selenium-safari-driver-2.44.0.jar;C:\Users\Ahmed Elrefaiy\.m2\repository\org\seleniumhq\selenium\selenium-support\2.44.0\selenium-support-2.44.0.jar;C:\Users\Ahmed Elrefaiy\.m2\repository\org\webbitserver\webbit\0.4.14\webbit-0.4.14.jar;C:\Users\Ahmed Elrefaiy\.m2\repository\io\netty\netty\3.5.2.Final\netty-3.5.2.Final.jar;C:\Users\Ahmed Elrefaiy\.m2\repository\com\opera\operadriver\1.5\operadriver-1.5.jar;C:\Users\Ahmed Elrefaiy\.m2\repository\com\opera\operalaunchers\1.1\operalaunchers-1.1.jar;C:\Users\Ahmed Elrefaiy\.m2\repository\com\google\protobuf\protobuf-java\2.4.1\protobuf-java-2.4.1.jar;C:\Users\Ahmed Elrefaiy\.m2\repository\com\google\guava\guava\14.0\guava-14.0.jar;C:\Users\Ahmed Elrefaiy\.m2\repository\commons-jxpath\commons-jxpath\1.3\commons-jxpath-1.3.jar;C:\Users\Ahmed Elrefaiy\.m2\repository\org\apache\commons\commons-exec\1.1\commons-exec-1.1.jar;C:\Users\Ahmed Elrefaiy\.m2\repository\org\ini4j\ini4j\0.5.2\ini4j-0.5.2.jar;C:\Users\Ahmed Elrefaiy\.m2\repository\io\github\bonigarcia\webdrivermanager\5.2.2\webdrivermanager-5.2.2.jar;C:\Users\Ahmed Elrefaiy\.m2\repository\org\slf4j\slf4j-api\1.7.36\slf4j-api-1.7.36.jar;C:\Users\Ahmed Elrefaiy\.m2\repository\com\google\code\gson\gson\2.9.0\gson-2.9.0.jar;C:\Users\Ahmed Elrefaiy\.m2\repository\com\github\docker-java\docker-java\3.2.13\docker-java-3.2.13.jar;C:\Users\Ahmed Elrefaiy\.m2\repository\com\github\docker-java\docker-java-core\3.2.13\docker-java-core-3.2.13.jar;C:\Users\Ahmed Elrefaiy\.m2\repository\com\github\docker-java\docker-java-api\3.2.13\docker-java-api-3.2.13.jar;C:\Users\Ahmed Elrefaiy\.m2\repository\com\fasterxml\jackson\core\jackson-annotations\2.10.3\jackson-annotations-2.10.3.jar;C:\Users\Ahmed Elrefaiy\.m2\repository\org\apache\commons\commons-compress\1.21\commons-compress-1.21.jar;C:\Users\Ahmed Elrefaiy\.m2\repository\com\fasterxml\jackson\core\jackson-databind\2.10.3\jackson-databind-2.10.3.jar;C:\Users\Ahmed Elrefaiy\.m2\repository\com\fasterxml\jackson\core\jackson-core\2.10.3\jackson-core-2.10.3.jar;C:\Users\Ahmed Elrefaiy\.m2\repository\org\bouncycastle\bcpkix-jdk15on\1.64\bcpkix-jdk15on-1.64.jar;C:\Users\Ahmed Elrefaiy\.m2\repository\org\bouncycastle\bcprov-jdk15on\1.64\bcprov-jdk15on-1.64.jar;C:\Users\Ahmed Elrefaiy\.m2\repository\org\slf4j\jcl-over-slf4j\1.7.30\jcl-over-slf4j-1.7.30.jar;C:\Users\Ahmed Elrefaiy\.m2\repository\com\github\docker-java\docker-java-transport-httpclient5\3.2.13\docker-java-transport-httpclient5-3.2.13.jar;C:\Users\Ahmed Elrefaiy\.m2\repository\com\github\docker-java\docker-java-transport\3.2.13\docker-java-transport-3.2.13.jar;C:\Users\Ahmed Elrefaiy\.m2\repository\org\brotli\dec\0.1.2\dec-0.1.2.jar;C:\Users\Ahmed Elrefaiy\.m2\repository\org\apache\commons\commons-lang3\3.12.0\commons-lang3-3.12.0.jar;C:\Users\Ahmed Elrefaiy\.m2\repository\org\apache\httpcomponents\client5\httpclient5\5.1.3\httpclient5-5.1.3.jar;C:\Users\Ahmed Elrefaiy\.m2\repository\org\apache\httpcomponents\core5\httpcore5\5.1.3\httpcore5-5.1.3.jar;C:\Users\Ahmed Elrefaiy\.m2\repository\org\apache\httpcomponents\core5\httpcore5-h2\5.1.3\httpcore5-h2-5.1.3.jar;C:\Users\Ahmed Elrefaiy\.m2\repository\commons-codec\commons-codec\1.15\commons-codec-1.15.jar;C:\Users\Ahmed Elrefaiy\.m2\repository\junit\junit\4.11\junit-4.11.jar;C:\Users\Ahmed Elrefaiy\.m2\repository\org\hamcrest\hamcrest-core\1.3\hamcrest-core-1.3.jar;"/>
    <property name="java.vm.vendor" value="Oracle Corporation"/>
    <property name="sun.arch.data.model" value="64"/>
    <property name="user.variant" value=""/>
    <property name="java.vendor.url" value="http://java.oracle.com/"/>
    <property name="user.timezone" value="Africa/Cairo"/>
    <property name="java.vm.specification.version" value="1.8"/>
    <property name="os.name" value="Windows 10"/>
    <property name="sun.java.launcher" value="SUN_STANDARD"/>
    <property name="user.country" value="GB"/>
    <property name="sun.boot.library.path" value="C:\Program Files\Java\jdk1.8.0_271\jre\bin"/>
    <property name="sun.java.command" value="C:\Users\Ahmed Elrefaiy\AppData\Local\Temp\surefire7821630219588029018\surefirebooter-20221211111255618_3.jar C:\Users\Ahmed Elrefaiy\AppData\Local\Temp\surefire7821630219588029018 2022-12-11T11-12-55_206-jvmRun1 surefire-20221211111255618_1tmp surefire_0-20221211111255618_2tmp"/>
    <property name="test" value="DummyToSkipUnitTests"/>
    <property name="surefire.test.class.path" value="D:\Study\FCI\4th\testing\Projects\section4\TestMavin\target\test-classes;D:\Study\FCI\4th\testing\Projects\section4\TestMavin\target\TestMavin-1.0-SNAPSHOT.jar;C:\Users\Ahmed Elrefaiy\.m2\repository\org\testng\testng\6.8.1\testng-6.8.1.jar;C:\Users\Ahmed Elrefaiy\.m2\repository\org\beanshell\bsh\2.0b4\bsh-2.0b4.jar;C:\Users\Ahmed Elrefaiy\.m2\repository\com\beust\jcommander\1.27\jcommander-1.27.jar;C:\Users\Ahmed Elrefaiy\.m2\repository\org\yaml\snakeyaml\1.6\snakeyaml-1.6.jar;C:\Users\Ahmed Elrefaiy\.m2\repository\org\seleniumhq\selenium\selenium-java\2.44.0\selenium-java-2.44.0.jar;C:\Users\Ahmed Elrefaiy\.m2\repository\org\seleniumhq\selenium\selenium-chrome-driver\2.44.0\selenium-chrome-driver-2.44.0.jar;C:\Users\Ahmed Elrefaiy\.m2\repository\org\seleniumhq\selenium\selenium-remote-driver\2.44.0\selenium-remote-driver-2.44.0.jar;C:\Users\Ahmed Elrefaiy\.m2\repository\cglib\cglib-nodep\2.1_3\cglib-nodep-2.1_3.jar;C:\Users\Ahmed Elrefaiy\.m2\repository\org\seleniumhq\selenium\selenium-api\2.44.0\selenium-api-2.44.0.jar;C:\Users\Ahmed Elrefaiy\.m2\repository\org\seleniumhq\selenium\selenium-htmlunit-driver\2.44.0\selenium-htmlunit-driver-2.44.0.jar;C:\Users\Ahmed Elrefaiy\.m2\repository\net\sourceforge\htmlunit\htmlunit\2.15\htmlunit-2.15.jar;C:\Users\Ahmed Elrefaiy\.m2\repository\xalan\xalan\2.7.1\xalan-2.7.1.jar;C:\Users\Ahmed Elrefaiy\.m2\repository\xalan\serializer\2.7.1\serializer-2.7.1.jar;C:\Users\Ahmed Elrefaiy\.m2\repository\commons-collections\commons-collections\3.2.1\commons-collections-3.2.1.jar;C:\Users\Ahmed Elrefaiy\.m2\repository\org\apache\httpcomponents\httpmime\4.3.3\httpmime-4.3.3.jar;C:\Users\Ahmed Elrefaiy\.m2\repository\net\sourceforge\htmlunit\htmlunit-core-js\2.15\htmlunit-core-js-2.15.jar;C:\Users\Ahmed Elrefaiy\.m2\repository\xerces\xercesImpl\2.11.0\xercesImpl-2.11.0.jar;C:\Users\Ahmed Elrefaiy\.m2\repository\xml-apis\xml-apis\1.4.01\xml-apis-1.4.01.jar;C:\Users\Ahmed Elrefaiy\.m2\repository\net\sourceforge\nekohtml\nekohtml\1.9.21\nekohtml-1.9.21.jar;C:\Users\Ahmed Elrefaiy\.m2\repository\net\sourceforge\cssparser\cssparser\0.9.14\cssparser-0.9.14.jar;C:\Users\Ahmed Elrefaiy\.m2\repository\org\w3c\css\sac\1.3\sac-1.3.jar;C:\Users\Ahmed Elrefaiy\.m2\repository\commons-logging\commons-logging\1.1.3\commons-logging-1.1.3.jar;C:\Users\Ahmed Elrefaiy\.m2\repository\org\eclipse\jetty\jetty-websocket\8.1.15.v20140411\jetty-websocket-8.1.15.v20140411.jar;C:\Users\Ahmed Elrefaiy\.m2\repository\org\eclipse\jetty\jetty-util\8.1.15.v20140411\jetty-util-8.1.15.v20140411.jar;C:\Users\Ahmed Elrefaiy\.m2\repository\org\eclipse\jetty\jetty-io\8.1.15.v20140411\jetty-io-8.1.15.v20140411.jar;C:\Users\Ahmed Elrefaiy\.m2\repository\org\eclipse\jetty\jetty-http\8.1.15.v20140411\jetty-http-8.1.15.v20140411.jar;C:\Users\Ahmed Elrefaiy\.m2\repository\org\apache\httpcomponents\httpclient\4.3.4\httpclient-4.3.4.jar;C:\Users\Ahmed Elrefaiy\.m2\repository\org\apache\httpcomponents\httpcore\4.3.2\httpcore-4.3.2.jar;C:\Users\Ahmed Elrefaiy\.m2\repository\org\seleniumhq\selenium\selenium-firefox-driver\2.44.0\selenium-firefox-driver-2.44.0.jar;C:\Users\Ahmed Elrefaiy\.m2\repository\commons-io\commons-io\2.4\commons-io-2.4.jar;C:\Users\Ahmed Elrefaiy\.m2\repository\org\seleniumhq\selenium\selenium-ie-driver\2.44.0\selenium-ie-driver-2.44.0.jar;C:\Users\Ahmed Elrefaiy\.m2\repository\net\java\dev\jna\jna\3.4.0\jna-3.4.0.jar;C:\Users\Ahmed Elrefaiy\.m2\repository\net\java\dev\jna\platform\3.4.0\platform-3.4.0.jar;C:\Users\Ahmed Elrefaiy\.m2\repository\org\seleniumhq\selenium\selenium-safari-driver\2.44.0\selenium-safari-driver-2.44.0.jar;C:\Users\Ahmed Elrefaiy\.m2\repository\org\seleniumhq\selenium\selenium-support\2.44.0\selenium-support-2.44.0.jar;C:\Users\Ahmed Elrefaiy\.m2\repository\org\webbitserver\webbit\0.4.14\webbit-0.4.14.jar;C:\Users\Ahmed Elrefaiy\.m2\repository\io\netty\netty\3.5.2.Final\netty-3.5.2.Final.jar;C:\Users\Ahmed Elrefaiy\.m2\repository\com\opera\operadriver\1.5\operadriver-1.5.jar;C:\Users\Ahmed Elrefaiy\.m2\repository\com\opera\operalaunchers\1.1\operalaunchers-1.1.jar;C:\Users\Ahmed Elrefaiy\.m2\repository\com\google\protobuf\protobuf-java\2.4.1\protobuf-java-2.4.1.jar;C:\Users\Ahmed Elrefaiy\.m2\repository\com\google\guava\guava\14.0\guava-14.0.jar;C:\Users\Ahmed Elrefaiy\.m2\repository\commons-jxpath\commons-jxpath\1.3\commons-jxpath-1.3.jar;C:\Users\Ahmed Elrefaiy\.m2\repository\org\apache\commons\commons-exec\1.1\commons-exec-1.1.jar;C:\Users\Ahmed Elrefaiy\.m2\repository\org\ini4j\ini4j\0.5.2\ini4j-0.5.2.jar;C:\Users\Ahmed Elrefaiy\.m2\repository\io\github\bonigarcia\webdrivermanager\5.2.2\webdrivermanager-5.2.2.jar;C:\Users\Ahmed Elrefaiy\.m2\repository\org\slf4j\slf4j-api\1.7.36\slf4j-api-1.7.36.jar;C:\Users\Ahmed Elrefaiy\.m2\repository\com\google\code\gson\gson\2.9.0\gson-2.9.0.jar;C:\Users\Ahmed Elrefaiy\.m2\repository\com\github\docker-java\docker-java\3.2.13\docker-java-3.2.13.jar;C:\Users\Ahmed Elrefaiy\.m2\repository\com\github\docker-java\docker-java-core\3.2.13\docker-java-core-3.2.13.jar;C:\Users\Ahmed Elrefaiy\.m2\repository\com\github\docker-java\docker-java-api\3.2.13\docker-java-api-3.2.13.jar;C:\Users\Ahmed Elrefaiy\.m2\repository\com\fasterxml\jackson\core\jackson-annotations\2.10.3\jackson-annotations-2.10.3.jar;C:\Users\Ahmed Elrefaiy\.m2\repository\org\apache\commons\commons-compress\1.21\commons-compress-1.21.jar;C:\Users\Ahmed Elrefaiy\.m2\repository\com\fasterxml\jackson\core\jackson-databind\2.10.3\jackson-databind-2.10.3.jar;C:\Users\Ahmed Elrefaiy\.m2\repository\com\fasterxml\jackson\core\jackson-core\2.10.3\jackson-core-2.10.3.jar;C:\Users\Ahmed Elrefaiy\.m2\repository\org\bouncycastle\bcpkix-jdk15on\1.64\bcpkix-jdk15on-1.64.jar;C:\Users\Ahmed Elrefaiy\.m2\repository\org\bouncycastle\bcprov-jdk15on\1.64\bcprov-jdk15on-1.64.jar;C:\Users\Ahmed Elrefaiy\.m2\repository\org\slf4j\jcl-over-slf4j\1.7.30\jcl-over-slf4j-1.7.30.jar;C:\Users\Ahmed Elrefaiy\.m2\repository\com\github\docker-java\docker-java-transport-httpclient5\3.2.13\docker-java-transport-httpclient5-3.2.13.jar;C:\Users\Ahmed Elrefaiy\.m2\repository\com\github\docker-java\docker-java-transport\3.2.13\docker-java-transport-3.2.13.jar;C:\Users\Ahmed Elrefaiy\.m2\repository\org\brotli\dec\0.1.2\dec-0.1.2.jar;C:\Users\Ahmed Elrefaiy\.m2\repository\org\apache\commons\commons-lang3\3.12.0\commons-lang3-3.12.0.jar;C:\Users\Ahmed Elrefaiy\.m2\repository\org\apache\httpcomponents\client5\httpclient5\5.1.3\httpclient5-5.1.3.jar;C:\Users\Ahmed Elrefaiy\.m2\repository\org\apache\httpcomponents\core5\httpcore5\5.1.3\httpcore5-5.1.3.jar;C:\Users\Ahmed Elrefaiy\.m2\repository\org\apache\httpcomponents\core5\httpcore5-h2\5.1.3\httpcore5-h2-5.1.3.jar;C:\Users\Ahmed Elrefaiy\.m2\repository\commons-codec\commons-codec\1.15\commons-codec-1.15.jar;C:\Users\Ahmed Elrefaiy\.m2\repository\junit\junit\4.11\junit-4.11.jar;C:\Users\Ahmed Elrefaiy\.m2\repository\org\hamcrest\hamcrest-core\1.3\hamcrest-core-1.3.jar;"/>
    <property name="sun.cpu.endian" value="little"/>
    <property name="user.home" value="C:\Users\Ahmed Elrefaiy"/>
    <property name="user.language" value="en"/>
    <property name="java.specification.vendor" value="Oracle Corporation"/>
    <property name="java.home" value="C:\Program Files\Java\jdk1.8.0_271\jre"/>
    <property name="basedir" value="D:\Study\FCI\4th\testing\Projects\section4\TestMavin"/>
    <property name="file.separator" value="\"/>
    <property name="line.separator" value="&#10;"/>
    <property name="java.vm.specification.vendor" value="Oracle Corporation"/>
    <property name="java.specification.name" value="Java Platform API Specification"/>
    <property name="java.awt.graphicsenv" value="sun.awt.Win32GraphicsEnvironment"/>
    <property name="surefire.real.class.path" value="C:\Users\Ahmed Elrefaiy\AppData\Local\Temp\surefire7821630219588029018\surefirebooter-20221211111255618_3.jar;C:\\Users\\Ahmed Elrefaiy\\.m2\\repository\\org\\jacoco\\org.jacoco.agent\\0.8.6\\org.jacoco.agent-0.8.6-runtime.jar"/>
    <property name="sun.boot.class.path" value="C:\Program Files\Java\jdk1.8.0_271\jre\lib\resources.jar;C:\Program Files\Java\jdk1.8.0_271\jre\lib\rt.jar;C:\Program Files\Java\jdk1.8.0_271\jre\lib\sunrsasign.jar;C:\Program Files\Java\jdk1.8.0_271\jre\lib\jsse.jar;C:\Program Files\Java\jdk1.8.0_271\jre\lib\jce.jar;C:\Program Files\Java\jdk1.8.0_271\jre\lib\charsets.jar;C:\Program Files\Java\jdk1.8.0_271\jre\lib\jfr.jar;C:\Program Files\Java\jdk1.8.0_271\jre\classes"/>
    <property name="user.script" value=""/>
    <property name="sun.management.compiler" value="HotSpot 64-Bit Tiered Compilers"/>
    <property name="java.runtime.version" value="1.8.0_271-b09"/>
    <property name="user.name" value="Ahmed Elrefaiy"/>
    <property name="path.separator" value=";"/>
    <property name="os.version" value="10.0"/>
    <property name="java.endorsed.dirs" value="C:\Program Files\Java\jdk1.8.0_271\jre\lib\endorsed"/>
    <property name="java.runtime.name" value="Java(TM) SE Runtime Environment"/>
    <property name="file.encoding" value="UTF-8"/>
    <property name="java.vm.name" value="Java HotSpot(TM) 64-Bit Server VM"/>
    <property name="maven.ext.class.path" value="D:\InstalledPro\NetBeans-15\netbeans\java\maven-nblib\netbeans-eventspy.jar"/>
    <property name="localRepository" value="C:\Users\Ahmed Elrefaiy\.m2\repository"/>
    <property name="java.vendor.url.bug" value="http://bugreport.sun.com/bugreport/"/>
    <property name="java.io.tmpdir" value="C:\Users\AHMEDE~1\AppData\Local\Temp\"/>
    <property name="java.version" value="1.8.0_271"/>
    <property name="user.dir" value="D:\Study\FCI\4th\testing\Projects\section4\TestMavin"/>
    <property name="os.arch" value="amd64"/>
    <property name="java.vm.specification.name" value="Java Virtual Machine Specification"/>
    <property name="java.awt.printerjob" value="sun.awt.windows.WPrinterJob"/>
    <property name="it.test" value="com.mycompany.testmavin.TestMavinIT"/>
    <property name="failIfNoTests" value="false"/>
    <property name="sun.os.patch.level" value=""/>
    <property name="java.library.path" value="C:\Program Files\Java\jdk1.8.0_271\jre\bin;C:\WINDOWS\Sun\Java\bin;C:\WINDOWS\system32;C:\WINDOWS;C:\Program Files (x86)\Common Files\Oracle\Java\javapath;D:\Study\dizzlr repo\Android\Gradle\gradle-6.5.1\bin;C:\ProgramData\Oracle\Java\javapath;C:\windows\system32;C:\windows;C:\windows\System32\Wbem;C:\windows\System32\WindowsPowerShell\v1.0\;C:\windows\System32\OpenSSH\;C:\Program Files (x86)\NVIDIA Corporation\PhysX\Common;C:\Program Files\NVIDIA Corporation\NVIDIA NvDLISR;C:\Program Files\dotnet\;C:\Program Files\Microsoft SQL Server\130\Tools\Binn\;C:\Program Files\Microsoft SQL Server\Client SDK\ODBC\170\Tools\Binn\;C:\Program Files\Git\cmd;C:\Program Files\Java\jdk1.8.0_144\bin;C:\Program Files (x86)\Microsoft SQL Server\150\Tools\Binn\;C:\Program Files\Microsoft SQL Server\150\Tools\Binn\;C:\Program Files\Microsoft SQL Server\150\DTS\Binn\;C:\Program Files\Java\jdk1.8.0_144\bin;C:\Program Files\nodejs\;D:\Study\dizzlr repo\Android\android-sdk\tools;D:\Study\dizzlr repo\Android\android-sdk\platform-tools;;C:\Program Files\Git LFS;C:\WINDOWS\system32;C:\WINDOWS;C:\WINDOWS\System32\Wbem;C:\WINDOWS\System32\WindowsPowerShell\v1.0\;C:\WINDOWS\System32\OpenSSH\;C:\Program Files (x86)\Microsoft SQL Server\150\DTS\Binn\;C:\Program Files (x86)\dotnet\;C:\Users\Ahmed Elrefaiy\AppData\Local\Programs\Python\Python39\Scripts\;C:\Users\Ahmed Elrefaiy\AppData\Local\Programs\Python\Python39\;C:\Users\Ahmed Elrefaiy\AppData\Local\Microsoft\WindowsApps;C:\Users\Ahmed Elrefaiy\.dotnet\tools;C:\Users\Ahmed Elrefaiy\AppData\Roaming\npm;D:\Study\dizzlr repo\Android\android-sdk\tools;D:\Study\dizzlr repo\Android\android-sdk\platform-tools;C:\Users\Ahmed Elrefaiy\.dotnet\tools;C:\Users\Ahmed Elrefaiy\AppData\Local\Programs\Microsoft VS Code\bin;C:\Program Files\JetBrains\PyCharm Community Edition 2021.1\bin;;C:\Users\Ahmed Elrefaiy\AppData\Local\Microsoft\WindowsApps;;."/>
    <property name="java.vm.info" value="mixed mode"/>
    <property name="java.vendor" value="Oracle Corporation"/>
    <property name="java.vm.version" value="25.271-b09"/>
    <property name="java.ext.dirs" value="C:\Program Files\Java\jdk1.8.0_271\jre\lib\ext;C:\WINDOWS\Sun\Java\lib\ext"/>
    <property name="sun.io.unicode.encoding" value="UnicodeLittle"/>
    <property name="java.class.version" value="52.0"/>
  </properties>
  <testcase name="testSimple on testSimple(com.mycompany.testmavin.TestMavinIT)" classname="com.mycompany.testmavin.TestMavinIT" time="8.762">
    <system-err><![CDATA[SLF4J: Failed to load class "org.slf4j.impl.StaticLoggerBinder".
SLF4J: Defaulting to no-operation (NOP) logger implementation
SLF4J: See http://www.slf4j.org/codes.html#StaticLoggerBinder for further details.
Starting ChromeDriver 108.0.5359.71 (1e0e3868ee06e91ad636a874420e3ca3ae3756ac-refs/branch-heads/5359@{#1016}) on port 49482
Only local connections are allowed.
Please see https://chromedriver.chromium.org/security-considerations for suggestions on keeping ChromeDriver safe.
ChromeDriver was started successfully.
]]></system-err>
  </testcase>
</testsuite>